Arguments: 
  /snap/node/4150/bin/node /home/bolajiscott/.npm-global/bin/yarnpkg config get registry

PATH: 
  /home/bolajiscott/Downloads/node_modules/.bin:/home/bolajiscott/node_modules/.bin:/home/node_modules/.bin:/node_modules/.bin:/home/bolajiscott/.npm-global/lib/node_modules/npm/node_modules/@npmcli/run-script/lib/node-gyp-bin:/home/bolajiscott/_npx/c67e74de0542c87c/node_modules/.bin:/home/bolajiscott/.npm-global/bin:/bolajiscott/.npm-global/bin:/usr/local/sbin:/usr/local/bin:/usr/sbin:/usr/bin:/sbin:/bin:/usr/games:/usr/local/games:/snap/bin:Downloads/flutter/bin

Yarn version: 
  1.22.10

Node version: 
  14.16.1

Platform: 
  linux x64

Trace: 
  Error: ../../package.json: EACCES: permission denied, write
      at writeSync (fs.js:711:3)
      at SyncWriteStream._write (internal/fs/sync_write_stream.js:24:3)
      at writeOrBuffer (internal/streams/writable.js:358:12)
      at SyncWriteStream.Writable.write (internal/streams/writable.js:303:10)
      at ConsoleReporter.warn (/home/bolajiscott/.npm-global/lib/node_modules/yarn/lib/cli.js:96352:17)
      at warn (/home/bolajiscott/.npm-global/lib/node_modules/yarn/lib/cli.js:51521:23)
      at module.exports.exports.default (/home/bolajiscott/.npm-global/lib/node_modules/yarn/lib/cli.js:37358:7)
      at /home/bolajiscott/.npm-global/lib/node_modules/yarn/lib/cli.js:51532:51
      at Generator.next (<anonymous>)
      at step (/home/bolajiscott/.npm-global/lib/node_modules/yarn/lib/cli.js:310:30)

npm manifest: 
  {
    "name": "covid-disease-detection",
    "version": "0.1.0",
    "private": true
  }

yarn manifest: 
  No manifest

Lockfile: 
  No lockfile
